99.10.04 20:33 B C:\My Documents\TAjob\geo559-481\data\lab7\info\arc.dir <-- ubunix.buffalo.edu /projects/geo506-481/pgao/GISTA/lab7/info arc.dir
99.10.04 20:33 B C:\My Documents\TAjob\geo559-481\data\lab7\info\arc0000.dat <-- ubunix.buffalo.edu /projects/geo506-481/pgao/GISTA/lab7/info arc0000.dat
99.10.04 20:33 B C:\My Documents\TAjob\geo559-481\data\lab7\info\arc0000.nit <-- ubunix.buffalo.edu /projects/geo506-481/pgao/GISTA/lab7/info arc0000.nit
99.10.04 20:33 B C:\My Documents\TAjob\geo559-481\data\lab7\info\arc0001.dat <-- ubunix.buffalo.edu /projects/geo506-481/pgao/GISTA/lab7/info arc0001.dat
99.10.04 20:33 B C:\My Documents\TAjob\geo559-481\data\lab7\info\arc0001.nit <-- ubunix.buffalo.edu /projects/geo506-481/pgao/GISTA/lab7/info arc0001.nit
99.10.04 20:33 B C:\My Documents\TAjob\geo559-481\data\lab7\info\arc0002.dat <-- ubunix.buffalo.edu /projects/geo506-481/pgao/GISTA/lab7/info arc0002.dat
99.10.04 20:33 B C:\My Documents\TAjob\geo559-481\data\lab7\info\arc0002.nit <-- ubunix.buffalo.edu /projects/geo506-481/pgao/GISTA/lab7/info arc0002.nit
99.10.04 20:33 B C:\My Documents\TAjob\geo559-481\data\lab7\info\arc0003.dat <-- ubunix.buffalo.edu /projects/geo506-481/pgao/GISTA/lab7/info arc0003.dat
99.10.04 20:33 B C:\My Documents\TAjob\geo559-481\data\lab7\info\arc0003.nit <-- ubunix.buffalo.edu /projects/geo506-481/pgao/GISTA/lab7/info arc0003.nit
99.10.04 20:33 B C:\My Documents\TAjob\geo559-481\data\lab7\info\arc0004.dat <-- ubunix.buffalo.edu /projects/geo506-481/pgao/GISTA/lab7/info arc0004.dat
99.10.04 20:33 B C:\My Documents\TAjob\geo559-481\data\lab7\info\arc0004.nit <-- ubunix.buffalo.edu /projects/geo506-481/pgao/GISTA/lab7/info arc0004.nit
99.10.04 20:33 B C:\My Documents\TAjob\geo559-481\data\lab7\info\arc0005.dat <-- ubunix.buffalo.edu /projects/geo506-481/pgao/GISTA/lab7/info arc0005.dat
99.10.04 20:33 B C:\My Documents\TAjob\geo559-481\data\lab7\info\arc0005.nit <-- ubunix.buffalo.edu /projects/geo506-481/pgao/GISTA/lab7/info arc0005.nit
99.10.04 20:33 B C:\My Documents\TAjob\geo559-481\data\lab7\info\arc0006.dat <-- ubunix.buffalo.edu /projects/geo506-481/pgao/GISTA/lab7/info arc0006.dat
99.10.04 20:33 B C:\My Documents\TAjob\geo559-481\data\lab7\info\arc0006.nit <-- ubunix.buffalo.edu /projects/geo506-481/pgao/GISTA/lab7/info arc0006.nit
99.10.04 20:33 B C:\My Documents\TAjob\geo559-481\data\lab7\info\arc0007.dat <-- ubunix.buffalo.edu /projects/geo506-481/pgao/GISTA/lab7/info arc0007.dat
99.10.04 20:33 B C:\My Documents\TAjob\geo559-481\data\lab7\info\arc0007.nit <-- ubunix.buffalo.edu /projects/geo506-481/pgao/GISTA/lab7/info arc0007.nit
99.10.04 20:33 B C:\My Documents\TAjob\geo559-481\data\lab7\info\arc0008.dat <-- ubunix.buffalo.edu /projects/geo506-481/pgao/GISTA/lab7/info arc0008.dat
99.10.04 20:33 B C:\My Documents\TAjob\geo559-481\data\lab7\info\arc0008.nit <-- ubunix.buffalo.edu /projects/geo506-481/pgao/GISTA/lab7/info arc0008.nit
99.10.04 20:33 B C:\My Documents\TAjob\geo559-481\data\lab7\info\arc0009.dat <-- ubunix.buffalo.edu /projects/geo506-481/pgao/GISTA/lab7/info arc0009.dat
99.10.04 20:33 B C:\My Documents\TAjob\geo559-481\data\lab7\info\arc0009.nit <-- ubunix.buffalo.edu /projects/geo506-481/pgao/GISTA/lab7/info arc0009.nit
99.10.04 20:34 B C:\My Documents\TAjob\geo559-481\data\lab7\info\arc0010.dat <-- ubunix.buffalo.edu /projects/geo506-481/pgao/GISTA/lab7/info arc0010.dat
99.10.04 20:34 B C:\My Documents\TAjob\geo559-481\data\lab7\info\arc0010.nit <-- ubunix.buffalo.edu /projects/geo506-481/pgao/GISTA/lab7/info arc0010.nit
99.10.04 20:34 B C:\My Documents\TAjob\geo559-481\data\lab7\info\arc0011.dat <-- ubunix.buffalo.edu /projects/geo506-481/pgao/GISTA/lab7/info arc0011.dat
99.10.04 20:34 B C:\My Documents\TAjob\geo559-481\data\lab7\info\arc0011.nit <-- ubunix.buffalo.edu /projects/geo506-481/pgao/GISTA/lab7/info arc0011.nit
99.10.04 20:34 B C:\My Documents\TAjob\geo559-481\data\lab7\info\arc0012.dat <-- ubunix.buffalo.edu /projects/geo506-481/pgao/GISTA/lab7/info arc0012.dat
99.10.04 20:34 B C:\My Documents\TAjob\geo559-481\data\lab7\info\arc0012.nit <-- ubunix.buffalo.edu /projects/geo506-481/pgao/GISTA/lab7/info arc0012.nit
99.10.04 20:34 B C:\My Documents\TAjob\geo559-481\data\lab7\info\arc0013.dat <-- ubunix.buffalo.edu /projects/geo506-481/pgao/GISTA/lab7/info arc0013.dat
99.10.04 20:34 B C:\My Documents\TAjob\geo559-481\data\lab7\info\arc0013.nit <-- ubunix.buffalo.edu /projects/geo506-481/pgao/GISTA/lab7/info arc0013.nit
99.10.04 20:34 B C:\My Documents\TAjob\geo559-481\data\lab7\info\arc0014.dat <-- ubunix.buffalo.edu /projects/geo506-481/pgao/GISTA/lab7/info arc0014.dat
99.10.04 20:34 B C:\My Documents\TAjob\geo559-481\data\lab7\info\arc0014.nit <-- ubunix.buffalo.edu /projects/geo506-481/pgao/GISTA/lab7/info arc0014.nit
99.10.04 20:34 B C:\My Documents\TAjob\geo559-481\data\lab7\info\arc0015.dat <-- ubunix.buffalo.edu /projects/geo506-481/pgao/GISTA/lab7/info arc0015.dat
99.10.04 20:34 B C:\My Documents\TAjob\geo559-481\data\lab7\info\arc0015.nit <-- ubunix.buffalo.edu /projects/geo506-481/pgao/GISTA/lab7/info arc0015.nit
99.10.04 20:34 B C:\My Documents\TAjob\geo559-481\data\lab7\info\arc0016.dat <-- ubunix.buffalo.edu /projects/geo506-481/pgao/GISTA/lab7/info arc0016.dat
99.10.04 20:34 B C:\My Documents\TAjob\geo559-481\data\lab7\info\arc0016.nit <-- ubunix.buffalo.edu /projects/geo506-481/pgao/GISTA/lab7/info arc0016.nit
99.10.04 20:34 B C:\My Documents\TAjob\geo559-481\data\lab7\info\arc0017.dat <-- ubunix.buffalo.edu /projects/geo506-481/pgao/GISTA/lab7/info arc0017.dat
99.10.04 20:34 B C:\My Documents\TAjob\geo559-481\data\lab7\info\arc0017.nit <-- ubunix.buffalo.edu /projects/geo506-481/pgao/GISTA/lab7/info arc0017.nit
99.10.04 20:34 B C:\My Documents\TAjob\geo559-481\data\lab7\info\arc0018.dat <-- ubunix.buffalo.edu /projects/geo506-481/pgao/GISTA/lab7/info arc0018.dat
99.10.04 20:34 B C:\My Documents\TAjob\geo559-481\data\lab7\info\arc0018.nit <-- ubunix.buffalo.edu /projects/geo506-481/pgao/GISTA/lab7/info arc0018.nit
99.12.01 00:27 B C:\My Documents\TAjob\geo559-481\data\lab7\info\arc.dir --> ralph.geog.buffalo.edu /tmp/gao/data/lab7/info arc.dir
99.12.01 00:27 B C:\My Documents\TAjob\geo559-481\data\lab7\info\arc0000.dat --> ralph.geog.buffalo.edu /tmp/gao/data/lab7/info arc0000.dat
99.12.01 00:27 B C:\My Documents\TAjob\geo559-481\data\lab7\info\arc0000.nit --> ralph.geog.buffalo.edu /tmp/gao/data/lab7/info arc0000.nit
99.12.01 00:27 B C:\My Documents\TAjob\geo559-481\data\lab7\info\arc0001.dat --> ralph.geog.buffalo.edu /tmp/gao/data/lab7/info arc0001.dat
99.12.01 00:27 B C:\My Documents\TAjob\geo559-481\data\lab7\info\arc0001.nit --> ralph.geog.buffalo.edu /tmp/gao/data/lab7/info arc0001.nit
99.12.01 00:27 B C:\My Documents\TAjob\geo559-481\data\lab7\info\arc0002.dat --> ralph.geog.buffalo.edu /tmp/gao/data/lab7/info arc0002.dat
99.12.01 00:27 B C:\My Documents\TAjob\geo559-481\data\lab7\info\arc0002.nit --> ralph.geog.buffalo.edu /tmp/gao/data/lab7/info arc0002.nit
99.12.01 00:27 B C:\My Documents\TAjob\geo559-481\data\lab7\info\arc0003.dat --> ralph.geog.buffalo.edu /tmp/gao/data/lab7/info arc0003.dat
99.12.01 00:27 B C:\My Documents\TAjob\geo559-481\data\lab7\info\arc0003.nit --> ralph.geog.buffalo.edu /tmp/gao/data/lab7/info arc0003.nit
99.12.01 00:27 B C:\My Documents\TAjob\geo559-481\data\lab7\info\arc0004.dat --> ralph.geog.buffalo.edu /tmp/gao/data/lab7/info arc0004.dat
99.12.01 00:27 B C:\My Documents\TAjob\geo559-481\data\lab7\info\arc0004.nit --> ralph.geog.buffalo.edu /tmp/gao/data/lab7/info arc0004.nit
99.12.01 00:27 B C:\My Documents\TAjob\geo559-481\data\lab7\info\arc0005.dat --> ralph.geog.buffalo.edu /tmp/gao/data/lab7/info arc0005.dat
99.12.01 00:27 B C:\My Documents\TAjob\geo559-481\data\lab7\info\arc0005.nit --> ralph.geog.buffalo.edu /tmp/gao/data/lab7/info arc0005.nit
99.12.01 00:27 B C:\My Documents\TAjob\geo559-481\data\lab7\info\arc0006.dat --> ralph.geog.buffalo.edu /tmp/gao/data/lab7/info arc0006.dat
99.12.01 00:27 B C:\My Documents\TAjob\geo559-481\data\lab7\info\arc0006.nit --> ralph.geog.buffalo.edu /tmp/gao/data/lab7/info arc0006.nit
99.12.01 00:27 B C:\My Documents\TAjob\geo559-481\data\lab7\info\arc0007.dat --> ralph.geog.buffalo.edu /tmp/gao/data/lab7/info arc0007.dat
99.12.01 00:27 B C:\My Documents\TAjob\geo559-481\data\lab7\info\arc0007.nit --> ralph.geog.buffalo.edu /tmp/gao/data/lab7/info arc0007.nit
99.12.01 00:27 B C:\My Documents\TAjob\geo559-481\data\lab7\info\arc0008.dat --> ralph.geog.buffalo.edu /tmp/gao/data/lab7/info arc0008.dat
99.12.01 00:27 B C:\My Documents\TAjob\geo559-481\data\lab7\info\arc0008.nit --> ralph.geog.buffalo.edu /tmp/gao/data/lab7/info arc0008.nit
99.12.01 00:27 B C:\My Documents\TAjob\geo559-481\data\lab7\info\arc0009.dat --> ralph.geog.buffalo.edu /tmp/gao/data/lab7/info arc0009.dat
99.12.01 00:27 B C:\My Documents\TAjob\geo559-481\data\lab7\info\arc0009.nit --> ralph.geog.buffalo.edu /tmp/gao/data/lab7/info arc0009.nit
99.12.01 00:27 B C:\My Documents\TAjob\geo559-481\data\lab7\info\arc0010.dat --> ralph.geog.buffalo.edu /tmp/gao/data/lab7/info arc0010.dat
99.12.01 00:27 B C:\My Documents\TAjob\geo559-481\data\lab7\info\arc0010.nit --> ralph.geog.buffalo.edu /tmp/gao/data/lab7/info arc0010.nit
99.12.01 00:27 B C:\My Documents\TAjob\geo559-481\data\lab7\info\arc0011.dat --> ralph.geog.buffalo.edu /tmp/gao/data/lab7/info arc0011.dat
99.12.01 00:27 B C:\My Documents\TAjob\geo559-481\data\lab7\info\arc0011.nit --> ralph.geog.buffalo.edu /tmp/gao/data/lab7/info arc0011.nit
99.12.01 00:27 B C:\My Documents\TAjob\geo559-481\data\lab7\info\arc0012.dat --> ralph.geog.buffalo.edu /tmp/gao/data/lab7/info arc0012.dat
99.12.01 00:27 B C:\My Documents\TAjob\geo559-481\data\lab7\info\arc0012.nit --> ralph.geog.buffalo.edu /tmp/gao/data/lab7/info arc0012.nit
99.12.01 00:27 B C:\My Documents\TAjob\geo559-481\data\lab7\info\arc0013.dat --> ralph.geog.buffalo.edu /tmp/gao/data/lab7/info arc0013.dat
99.12.01 00:27 B C:\My Documents\TAjob\geo559-481\data\lab7\info\arc0013.nit --> ralph.geog.buffalo.edu /tmp/gao/data/lab7/info arc0013.nit
99.12.01 00:27 B C:\My Documents\TAjob\geo559-481\data\lab7\info\arc0014.dat --> ralph.geog.buffalo.edu /tmp/gao/data/lab7/info arc0014.dat
99.12.01 00:27 B C:\My Documents\TAjob\geo559-481\data\lab7\info\arc0014.nit --> ralph.geog.buffalo.edu /tmp/gao/data/lab7/info arc0014.nit
99.12.01 00:27 B C:\My Documents\TAjob\geo559-481\data\lab7\info\arc0015.dat --> ralph.geog.buffalo.edu /tmp/gao/data/lab7/info arc0015.dat
99.12.01 00:27 B C:\My Documents\TAjob\geo559-481\data\lab7\info\arc0015.nit --> ralph.geog.buffalo.edu /tmp/gao/data/lab7/info arc0015.nit
99.12.01 00:27 B C:\My Documents\TAjob\geo559-481\data\lab7\info\arc0016.dat --> ralph.geog.buffalo.edu /tmp/gao/data/lab7/info arc0016.dat
99.12.01 00:27 B C:\My Documents\TAjob\geo559-481\data\lab7\info\arc0016.nit --> ralph.geog.buffalo.edu /tmp/gao/data/lab7/info arc0016.nit
99.12.01 00:27 B C:\My Documents\TAjob\geo559-481\data\lab7\info\arc0017.dat --> ralph.geog.buffalo.edu /tmp/gao/data/lab7/info arc0017.dat
99.12.01 00:27 B C:\My Documents\TAjob\geo559-481\data\lab7\info\arc0017.nit --> ralph.geog.buffalo.edu /tmp/gao/data/lab7/info arc0017.nit
99.12.01 00:27 B C:\My Documents\TAjob\geo559-481\data\lab7\info\arc0018.dat --> ralph.geog.buffalo.edu /tmp/gao/data/lab7/info arc0018.dat
99.12.01 00:27 B C:\My Documents\TAjob\geo559-481\data\lab7\info\arc0018.nit --> ralph.geog.buffalo.edu /tmp/gao/data/lab7/info arc0018.nit
